<?xml version="1.0" encoding="UTF-8"?>
<testng-results ignored="0" total="4" passed="4" failed="0" skipped="0">
  <reporter-output>
  </reporter-output>
  <suite started-at="2021-05-09T16:30:33 ICT" name="Suite" finished-at="2021-05-09T16:30:59 ICT" duration-ms="25894">
    <groups>
      <group name="cucumber">
        <method signature="AbstractTestNGCucumberTests.runScenario(io.cucumber.testng.PickleWrapper, io.cucumber.testng.FeatureWrapper)[pri:0, instance:com.hienhoang.springbascis.runner.CucumberTestRunner@4066c471]" name="runScenario" class="io.cucumber.testng.AbstractTestNGCucumberTests"/>
      </group> <!-- cucumber -->
    </groups>
    <test started-at="2021-05-09T16:30:33 ICT" name="E2E Test of EA app" finished-at="2021-05-09T16:30:59 ICT" duration-ms="25894">
      <class name="com.hienhoang.springbascis.runner.CucumberTestRunner">
        <test-method is-config="true" signature="setUpClass()[pri:0, instance:com.hienhoang.springbascis.runner.CucumberTestRunner@4066c471]" started-at="2021-05-09T16:30:33 ICT" name="setUpClass" finished-at="2021-05-09T16:30:34 ICT" duration-ms="402" status="PASS">
          <reporter-output>
          </reporter-output>
        </test-method> <!-- setUpClass -->
        <test-method signature="runScenario(io.cucumber.testng.PickleWrapper, io.cucumber.testng.FeatureWrapper)[pri:0, instance:com.hienhoang.springbascis.runner.CucumberTestRunner@4066c471]" started-at="2021-05-09T16:30:34 ICT" name="runScenario" description="Runs Cucumber Scenarios" data-provider="scenarios" finished-at="2021-05-09T16:30:58 ICT" duration-ms="23970" status="PASS">
          <params>
            <param index="0">
              <value>
                <![CDATA["Login with correct username and password"]]>
              </value>
            </param>
            <param index="1">
              <value>
                <![CDATA["Optional[LoginFeature]"]]>
              </value>
            </param>
          </params>
          <reporter-output>
          </reporter-output>
        </test-method> <!-- runScenario -->
        <test-method signature="runScenario(io.cucumber.testng.PickleWrapper, io.cucumber.testng.FeatureWrapper)[pri:0, instance:com.hienhoang.springbascis.runner.CucumberTestRunner@4066c471]" started-at="2021-05-09T16:30:34 ICT" name="runScenario" description="Runs Cucumber Scenarios" data-provider="scenarios" finished-at="2021-05-09T16:30:59 ICT" duration-ms="25312" status="PASS">
          <params>
            <param index="0">
              <value>
                <![CDATA["Login with correct username and password 2"]]>
              </value>
            </param>
            <param index="1">
              <value>
                <![CDATA["Optional[LoginFeature]"]]>
              </value>
            </param>
          </params>
          <reporter-output>
          </reporter-output>
        </test-method> <!-- runScenario -->
        <test-method signature="runScenario(io.cucumber.testng.PickleWrapper, io.cucumber.testng.FeatureWrapper)[pri:0, instance:com.hienhoang.springbascis.runner.CucumberTestRunner@4066c471]" started-at="2021-05-09T16:30:34 ICT" name="runScenario" description="Runs Cucumber Scenarios" data-provider="scenarios" finished-at="2021-05-09T16:30:57 ICT" duration-ms="23478" status="PASS">
          <params>
            <param index="0">
              <value>
                <![CDATA["Login with correct username and password"]]>
              </value>
            </param>
            <param index="1">
              <value>
                <![CDATA["Optional[LoginFeature]"]]>
              </value>
            </param>
          </params>
          <reporter-output>
          </reporter-output>
        </test-method> <!-- runScenario -->
        <test-method signature="runScenario(io.cucumber.testng.PickleWrapper, io.cucumber.testng.FeatureWrapper)[pri:0, instance:com.hienhoang.springbascis.runner.CucumberTestRunner@4066c471]" started-at="2021-05-09T16:30:34 ICT" name="runScenario" description="Runs Cucumber Scenarios" data-provider="scenarios" finished-at="2021-05-09T16:30:56 ICT" duration-ms="22159" status="PASS">
          <params>
            <param index="0">
              <value>
                <![CDATA["Login with correct username and password 2"]]>
              </value>
            </param>
            <param index="1">
              <value>
                <![CDATA["Optional[LoginFeature]"]]>
              </value>
            </param>
          </params>
          <reporter-output>
          </reporter-output>
        </test-method> <!-- runScenario -->
        <test-method is-config="true" signature="tearDownClass()[pri:0, instance:com.hienhoang.springbascis.runner.CucumberTestRunner@4066c471]" started-at="2021-05-09T16:30:59 ICT" name="tearDownClass" finished-at="2021-05-09T16:30:59 ICT" duration-ms="148" status="PASS">
          <reporter-output>
          </reporter-output>
        </test-method> <!-- tearDownClass -->
      </class> <!-- com.hienhoang.springbascis.runner.CucumberTestRunner -->
    </test> <!-- E2E Test of EA app -->
  </suite> <!-- Suite -->
</testng-results>
