<?xml version="1.0" encoding="UTF-8"?>
<testsuite xmlns:xsi="http://www.w3.org/2001/XMLSchema-instance" xsi:noNamespaceSchemaLocation="https://maven.apache.org/surefire/maven-surefire-plugin/xsd/surefire-test-report.xsd" name="TestSuite" time="31.715" tests="4" errors="0" skipped="0" failures="0">
  <properties>
[...]
</properties>
  <testcase name="runScenario" classname="com.hienhoang.springbascis.runner.CucumberTestRunner" time="27.515"/>
  <testcase name="runScenario" classname="com.hienhoang.springbascis.runner.CucumberTestRunner" time="28.643"/>
  <testcase name="runScenario" classname="com.hienhoang.springbascis.runner.CucumberTestRunner" time="28.742"/>
  <testcase name="runScenario" classname="com.hienhoang.springbascis.runner.CucumberTestRunner" time="28.777"/>
</testsuite>