<?xml version="1.0" encoding="UTF-8"?>
<testng-results ignored="0" total="4" passed="4" failed="0" skipped="0">
  <reporter-output>
  </reporter-output>
  <suite started-at="2021-05-09T14:41:52 UTC" name="Suite" finished-at="2021-05-09T14:42:10 UTC" duration-ms="17374">
    <groups>
      <group name="cucumber">
        <method signature="AbstractTestNGCucumberTests.runScenario(io.cucumber.testng.PickleWrapper, io.cucumber.testng.FeatureWrapper)[pri:0, instance:com.hienhoang.springbascis.runner.CucumberTestRunner@732d0d24]" name="runScenario" class="io.cucumber.testng.AbstractTestNGCucumberTests"/>
      </group> <!-- cucumber -->
    </groups>
    <test started-at="2021-05-09T14:41:52 UTC" name="E2E Test of EA app" finished-at="2021-05-09T14:42:10 UTC" duration-ms="17374">
      <class name="com.hienhoang.springbascis.runner.CucumberTestRunner">
        <test-method is-config="true" signature="setUpClass()[pri:0, instance:com.hienhoang.springbascis.runner.CucumberTestRunner@732d0d24]" started-at="2021-05-09T14:41:52 UTC" name="setUpClass" finished-at="2021-05-09T14:41:53 UTC" duration-ms="480" status="PASS">
          <reporter-output>
          </reporter-output>
        </test-method> <!-- setUpClass -->
        <test-method signature="runScenario(io.cucumber.testng.PickleWrapper, io.cucumber.testng.FeatureWrapper)[pri:0, instance:com.hienhoang.springbascis.runner.CucumberTestRunner@732d0d24]" started-at="2021-05-09T14:41:53 UTC" name="runScenario" description="Runs Cucumber Scenarios" data-provider="scenarios" finished-at="2021-05-09T14:42:09 UTC" duration-ms="16551" status="PASS">
          <params>
            <param index="0">
              <value>
                <![CDATA["Login with correct username and password"]]>
              </value>
            </param>
            <param index="1">
              <value>
                <![CDATA["Optional[LoginFeature]"]]>
              </value>
            </param>
          </params>
          <reporter-output>
          </reporter-output>
        </test-method> <!-- runScenario -->
        <test-method signature="runScenario(io.cucumber.testng.PickleWrapper, io.cucumber.testng.FeatureWrapper)[pri:0, instance:com.hienhoang.springbascis.runner.CucumberTestRunner@732d0d24]" started-at="2021-05-09T14:41:53 UTC" name="runScenario" description="Runs Cucumber Scenarios" data-provider="scenarios" finished-at="2021-05-09T14:42:09 UTC" duration-ms="16751" status="PASS">
          <params>
            <param index="0">
              <value>
                <![CDATA["Login with correct username and password"]]>
              </value>
            </param>
            <param index="1">
              <value>
                <![CDATA["Optional[LoginFeature]"]]>
              </value>
            </param>
          </params>
          <reporter-output>
          </reporter-output>
        </test-method> <!-- runScenario -->
        <test-method signature="runScenario(io.cucumber.testng.PickleWrapper, io.cucumber.testng.FeatureWrapper)[pri:0, instance:com.hienhoang.springbascis.runner.CucumberTestRunner@732d0d24]" started-at="2021-05-09T14:41:53 UTC" name="runScenario" description="Runs Cucumber Scenarios" data-provider="scenarios" finished-at="2021-05-09T14:42:09 UTC" duration-ms="16639" status="PASS">
          <params>
            <param index="0">
              <value>
                <![CDATA["Login with correct username and password 2"]]>
              </value>
            </param>
            <param index="1">
              <value>
                <![CDATA["Optional[LoginFeature]"]]>
              </value>
            </param>
          </params>
          <reporter-output>
          </reporter-output>
        </test-method> <!-- runScenario -->
        <test-method signature="runScenario(io.cucumber.testng.PickleWrapper, io.cucumber.testng.FeatureWrapper)[pri:0, instance:com.hienhoang.springbascis.runner.CucumberTestRunner@732d0d24]" started-at="2021-05-09T14:41:53 UTC" name="runScenario" description="Runs Cucumber Scenarios" data-provider="scenarios" finished-at="2021-05-09T14:42:09 UTC" duration-ms="16680" status="PASS">
          <params>
            <param index="0">
              <value>
                <![CDATA["Login with correct username and password 2"]]>
              </value>
            </param>
            <param index="1">
              <value>
                <![CDATA["Optional[LoginFeature]"]]>
              </value>
            </param>
          </params>
          <reporter-output>
          </reporter-output>
        </test-method> <!-- runScenario -->
        <test-method is-config="true" signature="tearDownClass()[pri:0, instance:com.hienhoang.springbascis.runner.CucumberTestRunner@732d0d24]" started-at="2021-05-09T14:42:09 UTC" name="tearDownClass" finished-at="2021-05-09T14:42:10 UTC" duration-ms="94" status="PASS">
          <reporter-output>
          </reporter-output>
        </test-method> <!-- tearDownClass -->
      </class> <!-- com.hienhoang.springbascis.runner.CucumberTestRunner -->
    </test> <!-- E2E Test of EA app -->
  </suite> <!-- Suite -->
</testng-results>
